d:\practiserender\build\rgs.dir\debug\vc143.pdb
d:\practiserender\build\rgs.dir\debug\stb_image.obj
d:\practiserender\build\rgs.dir\debug\blinnshader.obj
d:\practiserender\build\rgs.dir\debug\vector.obj
d:\practiserender\build\rgs.dir\debug\windowswindow.obj
d:\practiserender\build\rgs.dir\debug\window.obj
d:\practiserender\build\rgs.dir\debug\renderer.obj
d:\practiserender\build\rgs.dir\debug\main.obj
d:\practiserender\build\rgs.dir\debug\framebuffer.obj
d:\practiserender\build\rgs.dir\debug\application.obj
d:\practiserender\build\rgs.dir\debug\texture.obj
d:\practiserender\build\cmakefiles\generate.stamp
d:\practiserender\build\debug\rgs.exe
d:\practiserender\build\debug\rgs.pdb
d:\practiserender\build\rgs.dir\debug\rgs.ilk
d:\practiserender\build\rgs.dir\debug\rgs.tlog\cl.command.1.tlog
d:\practiserender\build\rgs.dir\debug\rgs.tlog\cl.items.tlog
d:\practiserender\build\rgs.dir\debug\rgs.tlog\cl.read.1.tlog
d:\practiserender\build\rgs.dir\debug\rgs.tlog\cl.write.1.tlog
d:\practiserender\build\rgs.dir\debug\rgs.tlog\custombuild.command.1.tlog
d:\practiserender\build\rgs.dir\debug\rgs.tlog\custombuild.read.1.tlog
d:\practiserender\build\rgs.dir\debug\rgs.tlog\custombuild.write.1.tlog
d:\practiserender\build\rgs.dir\debug\rgs.tlog\link.command.1.tlog
d:\practiserender\build\rgs.dir\debug\rgs.tlog\link.read.1.tlog
d:\practiserender\build\rgs.dir\debug\rgs.tlog\link.secondary.1.tlog
d:\practiserender\build\rgs.dir\debug\rgs.tlog\link.write.1.tlog
